<?xml version="1.0" encoding="UTF-8"?>
<robot generator="Robot 3.1.1 (Python 3.7.2 on win32)"
	generated="20190529 15:47:11.529" rpa="false">
	<suite id="s1" name="A1"
		source="C:\SELF TRAINING MATERIALS\Robot Framework\A1">
		<suite id="s1-s1" name="Test1"
			source="C:\SELF TRAINING MATERIALS\Robot Framework\A1\Test1.robot">
			<test id="s1-s1-t1" name="SampleLoginTestCase">
				<kw name="Open Browser" library="SeleniumLibrary">
					<doc>Opens a new browser instance to the given ``url``.</doc>
					<arguments>
						<arg>${url}</arg>
						<arg>chrome</arg>
					</arguments>
					<msg timestamp="20190529 15:47:11.825" level="INFO">Opening browser
						'chrome' to base url 'https://opensource-demo.orangehrmlive.com/'.</msg>
					<status status="PASS" starttime="20190529 15:47:11.825"
						endtime="20190529 15:47:29.449"></status>
				</kw>
				<kw name="Set Browser Implicit Wait" library="SeleniumLibrary">
					<doc>Sets the implicit wait value used by Selenium.</doc>
					<arguments>
						<arg>3</arg>
					</arguments>
					<status status="PASS" starttime="20190529 15:47:29.450"
						endtime="20190529 15:47:29.453"></status>
				</kw>
				<kw name="Input Text" library="SeleniumLibrary">
					<doc>Types the given ``text`` into text field identified by
						``locator``.</doc>
					<arguments>
						<arg>id=txtUsername</arg>
						<arg>@{CREDENTIALS}[0]</arg>
					</arguments>
					<msg timestamp="20190529 15:47:29.455" level="INFO">Typing text
						'Admin' into text field 'id=txtUsername'.</msg>
					<status status="PASS" starttime="20190529 15:47:29.454"
						endtime="20190529 15:47:29.594"></status>
				</kw>
				<kw name="Input Text" library="SeleniumLibrary">
					<doc>Types the given ``text`` into text field identified by
						``locator``.</doc>
					<arguments>
						<arg>id=txtPassword</arg>
						<arg>@{CREDENTIALS}[1]</arg>
					</arguments>
					<msg timestamp="20190529 15:47:29.596" level="INFO">Typing text
						'admin123' into text field 'id=txtPassword'.</msg>
					<status status="PASS" starttime="20190529 15:47:29.595"
						endtime="20190529 15:47:29.683"></status>
				</kw>
				<kw name="Click Button" library="SeleniumLibrary">
					<doc>Clicks button identified by ``locator``.</doc>
					<arguments>
						<arg>name=Submit</arg>
					</arguments>
					<msg timestamp="20190529 15:47:29.684" level="INFO">Clicking button
						'name=Submit'.</msg>
					<status status="PASS" starttime="20190529 15:47:29.683"
						endtime="20190529 15:47:30.751"></status>
				</kw>
				<kw name="Click Element" library="SeleniumLibrary">
					<doc>Click element identified by ``locator``.</doc>
					<arguments>
						<arg>id=welcome</arg>
					</arguments>
					<msg timestamp="20190529 15:47:30.752" level="INFO">Clicking element
						'id=welcome'.</msg>
					<status status="PASS" starttime="20190529 15:47:30.752"
						endtime="20190529 15:47:30.825"></status>
				</kw>
				<kw name="Click Element" library="SeleniumLibrary">
					<doc>Click element identified by ``locator``.</doc>
					<arguments>
						<arg>link=Logout</arg>
					</arguments>
					<msg timestamp="20190529 15:47:30.827" level="INFO">Clicking element
						'link=Logout'.</msg>
					<status status="PASS" starttime="20190529 15:47:30.826"
						endtime="20190529 15:47:32.156"></status>
				</kw>
				<kw name="Close Browser" library="SeleniumLibrary">
					<doc>Closes the current browser.</doc>
					<status status="PASS" starttime="20190529 15:47:32.156"
						endtime="20190529 15:47:34.596"></status>
				</kw>
				<kw name="Log" library="BuiltIn">
					<doc>Logs the given message with the given level.</doc>
					<arguments>
						<arg>Test is completed</arg>
					</arguments>
					<msg timestamp="20190529 15:47:34.598" level="INFO">Test is completed</msg>
					<status status="PASS" starttime="20190529 15:47:34.597"
						endtime="20190529 15:47:34.598"></status>
				</kw>
				<doc>This is a sample login test case</doc>
				<status status="PASS" starttime="20190529 15:47:11.824"
					endtime="20190529 15:47:34.598" critical="yes"></status>
			</test>
			<status status="PASS" starttime="20190529 15:47:11.600"
				endtime="20190529 15:47:34.599"></status>
		</suite>
		<status status="PASS" starttime="20190529 15:47:11.575"
			endtime="20190529 15:47:34.602"></status>
	</suite>
	<statistics>
		<total>
			<stat pass="1" fail="0">Critical Tests</stat>
			<stat pass="1" fail="0">All Tests</stat>
		</total>
		<tag>
		</tag>
		<suite>
			<stat pass="1" fail="0" id="s1" name="A1">A1</stat>
			<stat pass="1" fail="0" id="s1-s1" name="Test1">A1.Test1</stat>
		</suite>
	</statistics>
	<errors>
	</errors>
</robot>
